<?xml version="1.0" encoding="UTF-8"?>
<!-- Generated by org.testng.reporters.JUnitXMLReporter -->
<testsuite ignored="0" hostname="DESKTOP-OJ9MCVM" failures="0" tests="4" name="Test" time="10.62" errors="0" timestamp="2023-05-28T18:25:54 IST">
  <testcase classname="testClass_Pkg.Replace_1" name="execute" time="6.985"/>
  <testcase classname="testClass_Pkg.Replace_2" name="execute" time="1.227"/>
  <testcase classname="testClass_Pkg.Replace_3" name="execute" time="1.032"/>
  <testcase classname="testClass_Pkg.Replace_4" name="execute" time="1.051"/>
</testsuite> <!-- Test -->
