<?xml version="1.0" encoding="UTF-8"?>
<testng-results ignored="0" total="4" passed="4" failed="0" skipped="0">
  <reporter-output>
  </reporter-output>
  <suite started-at="2023-05-28T18:25:43 IST" name="Suite" finished-at="2023-05-28T18:25:54 IST" duration-ms="10620">
    <groups>
    </groups>
    <test started-at="2023-05-28T18:25:43 IST" name="Test" finished-at="2023-05-28T18:25:54 IST" duration-ms="10620">
      <class name="testClass_Pkg.Replace_1">
        <test-method signature="execute()[pri:0, instance:testClass_Pkg.Replace_1@571c5681]" started-at="2023-05-28T18:25:43 IST" name="execute" finished-at="2023-05-28T18:25:50 IST" duration-ms="6985" status="PASS">
          <reporter-output>
          </reporter-output>
        </test-method> <!-- execute -->
      </class> <!-- testClass_Pkg.Replace_1 -->
      <class name="testClass_Pkg.Replace_4">
        <test-method signature="execute()[pri:0, instance:testClass_Pkg.Replace_4@1bd39d3c]" started-at="2023-05-28T18:25:53 IST" name="execute" finished-at="2023-05-28T18:25:54 IST" duration-ms="1051" status="PASS">
          <reporter-output>
          </reporter-output>
        </test-method> <!-- execute -->
      </class> <!-- testClass_Pkg.Replace_4 -->
      <class name="testClass_Pkg.Replace_2">
        <test-method signature="execute()[pri:0, instance:testClass_Pkg.Replace_2@4397ad89]" started-at="2023-05-28T18:25:50 IST" name="execute" finished-at="2023-05-28T18:25:52 IST" duration-ms="1227" status="PASS">
          <reporter-output>
          </reporter-output>
        </test-method> <!-- execute -->
      </class> <!-- testClass_Pkg.Replace_2 -->
      <class name="testClass_Pkg.Replace_3">
        <test-method signature="execute()[pri:0, instance:testClass_Pkg.Replace_3@59cba5a]" started-at="2023-05-28T18:25:52 IST" name="execute" finished-at="2023-05-28T18:25:53 IST" duration-ms="1032" status="PASS">
          <reporter-output>
          </reporter-output>
        </test-method> <!-- execute -->
      </class> <!-- testClass_Pkg.Replace_3 -->
    </test> <!-- Test -->
  </suite> <!-- Suite -->
</testng-results>
